<?xml version="1.0" encoding="UTF-8"?>
<testsuite xmlns:xsi="http://www.w3.org/2001/XMLSchema-instance" xsi:noNamespaceSchemaLocation="https://maven.apache.org/surefire/maven-surefire-plugin/xsd/surefire-test-report-3.0.xsd" version="3.0" name="wearetests.web.ConnectionTests" time="35.217" tests="4" errors="0" skipped="0" failures="0">
  <properties>
[...]
</properties>
  <testcase name="userConnectsOtherUserTest" classname="wearetests.web.ConnectionTests" time="5.771">
    <system-out><![CDATA[2024-11-23 18:48:50,926 INFO  [main] Starting Chrome browser in normal mode...
2024-11-23 18:48:52,646 INFO  [main] Navigating to page: http://localhost:8081/
2024-11-23 18:48:53,072 INFO  [main] Navigating to page: http://localhost:8081/
2024-11-23 18:48:56,598 INFO  [main] Finding element with locator: By.xpath: //input[@value='connect']
2024-11-23 18:48:56,618 INFO  [main] Closing Browser...
]]></system-out>
    <system-err><![CDATA[Nov 23, 2024 6:48:52 PM org.openqa.selenium.devtools.CdpVersionFinder findNearestMatch
WARNING: Unable to find an exact match for CDP version 131, returning the closest version; found: 129; Please update to a Selenium version that supports CDP version 131
]]></system-err>
  </testcase>
  <testcase name="userConnectRequestTest" classname="wearetests.web.ConnectionTests" time="6">
    <system-out><![CDATA[2024-11-23 18:48:56,715 INFO  [main] Starting Chrome browser in normal mode...
2024-11-23 18:48:58,560 INFO  [main] Navigating to page: http://localhost:8081/
2024-11-23 18:48:58,857 INFO  [main] Navigating to page: http://localhost:8081/
2024-11-23 18:49:02,517 INFO  [main] Finding element with locator: By.xpath: //div[normalize-space()='Good job! You have send friend request!']
2024-11-23 18:49:02,625 INFO  [main] Closing Browser...
]]></system-out>
    <system-err><![CDATA[Nov 23, 2024 6:48:58 PM org.openqa.selenium.devtools.CdpVersionFinder findNearestMatch
WARNING: Unable to find an exact match for CDP version 131, returning the closest version; found: 129; Please update to a Selenium version that supports CDP version 131
]]></system-err>
  </testcase>
  <testcase name="userDisconnectsTest" classname="wearetests.web.ConnectionTests" time="12.077">
    <system-out><![CDATA[2024-11-23 18:49:02,730 INFO  [main] Starting Chrome browser in normal mode...
2024-11-23 18:49:04,602 INFO  [main] Navigating to page: http://localhost:8081/
2024-11-23 18:49:04,914 INFO  [main] Navigating to page: http://localhost:8081/
2024-11-23 18:49:07,194 INFO  [main] Navigating to page: http://localhost:8081/
2024-11-23 18:49:10,661 INFO  [main] Navigating to page: http://localhost:8081/
2024-11-23 18:49:13,135 INFO  [main] Navigating to page: http://localhost:8081/
2024-11-23 18:49:14,264 INFO  [main] Finding element with locator: By.xpath: //input[@value='disconnect']
2024-11-23 18:49:14,653 INFO  [main] Finding element with locator: By.xpath: //input[@value='connect']
2024-11-23 18:49:14,670 INFO  [main] Closing Browser...
]]></system-out>
    <system-err><![CDATA[Nov 23, 2024 6:49:04 PM org.openqa.selenium.devtools.CdpVersionFinder findNearestMatch
WARNING: Unable to find an exact match for CDP version 131, returning the closest version; found: 129; Please update to a Selenium version that supports CDP version 131
]]></system-err>
  </testcase>
  <testcase name="userConnectAcceptTest" classname="wearetests.web.ConnectionTests" time="11.237">
    <system-out><![CDATA[2024-11-23 18:49:14,826 INFO  [main] Starting Chrome browser in normal mode...
2024-11-23 18:49:16,918 INFO  [main] Navigating to page: http://localhost:8081/
2024-11-23 18:49:17,224 INFO  [main] Navigating to page: http://localhost:8081/
2024-11-23 18:49:19,474 INFO  [main] Navigating to page: http://localhost:8081/
2024-11-23 18:49:23,089 INFO  [main] Navigating to page: http://localhost:8081/
2024-11-23 18:49:25,376 INFO  [main] Finding element with locator: By.xpath: //h3[@class='mb-3 bread']
2024-11-23 18:49:25,933 INFO  [main] Closing Browser...
]]></system-out>
    <system-err><![CDATA[Nov 23, 2024 6:49:16 PM org.openqa.selenium.devtools.CdpVersionFinder findNearestMatch
WARNING: Unable to find an exact match for CDP version 131, returning the closest version; found: 129; Please update to a Selenium version that supports CDP version 131
]]></system-err>
  </testcase>
</testsuite>