<?xml version="1.0" encoding="UTF-8"?>
<testsuite xmlns:xsi="http://www.w3.org/2001/XMLSchema-instance" xsi:noNamespaceSchemaLocation="https://maven.apache.org/surefire/maven-surefire-plugin/xsd/surefire-test-report-3.0.xsd" version="3.0" name="tests.UsersTests" time="0.543" tests="3" errors="0" skipped="0" failures="0">
  <properties>
[...]
</properties>
  <testcase name="loginAndGetCookieTest" classname="tests.UsersTests" time="0.126">
    <system-out><![CDATA[Extracted COOKIE: 2501CB6F1EBA3D64EBBC47E67248498D
]]></system-out>
  </testcase>
  <testcase name="updateUserProfileTest" classname="tests.UsersTests" time="0.285">
    <system-out><![CDATA[Extracted COOKIE: 0F088BBC33091F62A6703FF2690D957A
{
    "id": 253,
    "firstName": "uuaZHtkc",
    "lastName": "randomLastName",
    "sex": "MALE",
    "location": {
        "id": 48,
        "city": {
            "id": 1,
            "city": "Sofia",
            "country": {
                
            }
        }
    },
    "birthYear": "2024-11-11",
    "personalReview": "randomPhrase",
    "memberSince": "28/11/2024",
    "picturePrivacy": false
}
]]></system-out>
  </testcase>
  <testcase name="registerUserTest" classname="tests.UsersTests" time="0.124"/>
</testsuite>